<?xml version="1.0" encoding="UTF-8"?>
<robot generator="Robot 4.1.3 (Python 3.10.2 on win32)" generated="20220211 23:45:25.405" rpa="false" schemaversion="2">
<suite id="s1" name="Openemr Suite" source="C:\Users\Admin\PycharmProjects\robot_framework\selenium_suite\openemr_suite.robot">
<test id="s1-t1" name="TC1 valid Login">
<kw name="Open Browser" library="SeleniumLibrary">
<arg>url=https://demo.openemr.io/b/openemr/index.php</arg>
<arg>browser=firefox</arg>
<arg>executable_path=${EXECDIR}/driver/geckodriver</arg>
<doc>Opens a new browser instance to the optional ``url``.</doc>
<msg timestamp="20220211 23:45:25.864" level="INFO">Opening browser 'firefox' to base url 'https://demo.openemr.io/b/openemr/index.php'.</msg>
<msg timestamp="20220211 23:45:25.878" level="INFO">Firefox driver log is always forced to to: C:\Users\Admin\PycharmProjects\robot_framework\geckodriver-1.log</msg>
<msg timestamp="20220211 23:45:29.216" level="INFO">Cannot capture screenshot because no browser is open.</msg>
<msg timestamp="20220211 23:45:29.401" level="FAIL">SessionNotCreatedException: Message: Expected browser binary location, but unable to find binary in default location, no 'moz:firefoxOptions.binary' capability provided, and no binary flag set on the command line
</msg>
<status status="FAIL" starttime="20220211 23:45:25.864" endtime="20220211 23:45:29.401"/>
</kw>
<kw name="Set Selenium Implicit Wait" library="SeleniumLibrary">
<arg>30s</arg>
<doc>Sets the implicit wait value used by Selenium.</doc>
<status status="NOT RUN" starttime="20220211 23:45:29.409" endtime="20220211 23:45:29.410"/>
</kw>
<kw name="Input Text" library="SeleniumLibrary">
<arg>id=authUser</arg>
<arg>admin</arg>
<doc>Types the given ``text`` into the text field identified by ``locator``.</doc>
<status status="NOT RUN" starttime="20220211 23:45:29.411" endtime="20220211 23:45:29.411"/>
</kw>
<kw name="Input Password" library="SeleniumLibrary">
<arg>id=clearPass</arg>
<arg>pass</arg>
<doc>Types the given password into the text field identified by ``locator``.</doc>
<status status="NOT RUN" starttime="20220211 23:45:29.412" endtime="20220211 23:45:29.412"/>
</kw>
<kw name="Select From List By Label" library="SeleniumLibrary">
<arg>name=languageChoice</arg>
<arg>English (Indian)</arg>
<doc>Selects options from selection list ``locator`` by ``labels``.</doc>
<status status="NOT RUN" starttime="20220211 23:45:29.413" endtime="20220211 23:45:29.413"/>
</kw>
<kw name="Click Element" library="SeleniumLibrary">
<arg>xpath=/html/body/form/div[1]/div[1]/div[4]/button</arg>
<doc>Click the element identified by ``locator``.</doc>
<status status="NOT RUN" starttime="20220211 23:45:29.414" endtime="20220211 23:45:29.414"/>
</kw>
<kw name="Get Title" library="SeleniumLibrary">
<var>${title}</var>
<doc>Returns the title of the current page.</doc>
<status status="NOT RUN" starttime="20220211 23:45:29.415" endtime="20220211 23:45:29.415"/>
</kw>
<kw name="Log To Console" library="BuiltIn">
<arg>${title}</arg>
<doc>Logs the given message to the console.</doc>
<status status="NOT RUN" starttime="20220211 23:45:29.416" endtime="20220211 23:45:29.416"/>
</kw>
<kw name="Title Should Be" library="SeleniumLibrary">
<arg>OpenEMR</arg>
<doc>Verifies that the current page title equals ``title``.</doc>
<status status="NOT RUN" starttime="20220211 23:45:29.416" endtime="20220211 23:45:29.417"/>
</kw>
<status status="FAIL" starttime="20220211 23:45:25.864" endtime="20220211 23:45:29.418">SessionNotCreatedException: Message: Expected browser binary location, but unable to find binary in default location, no 'moz:firefoxOptions.binary' capability provided, and no binary flag set on the command line
</status>
</test>
<status status="FAIL" starttime="20220211 23:45:25.409" endtime="20220211 23:45:29.423"/>
</suite>
<statistics>
<total>
<stat pass="0" fail="1" skip="0">All Tests</stat>
</total>
<tag>
</tag>
<suite>
<stat pass="0" fail="1" skip="0" id="s1" name="Openemr Suite">Openemr Suite</stat>
</suite>
</statistics>
<errors>
</errors>
</robot>
